#
# There is insufficient memory for the Java Runtime Environment to continue.
# Native memory allocation (malloc) failed to allocate 1052896 bytes for Chunk::new
# Possible reasons:
#   The system is out of physical RAM or swap space
#   In 32 bit mode, the process size limit was hit
# Possible solutions:
#   Reduce memory load on the system
#   Increase physical memory or swap space
#   Check if swap backing store is full
#   Use 64 bit Java on a 64 bit OS
#   Decrease Java heap size (-Xmx/-Xms)
#   Decrease number of Java threads
#   Decrease Java thread stack sizes (-Xss)
#   Set larger code cache with -XX:ReservedCodeCacheSize=
# This output file may be truncated or incomplete.
#
#  Out of Memory Error (allocation.cpp:390), pid=8440, tid=8324
#
# JRE version: Java(TM) SE Runtime Environment (8.0_74-b02) (build 1.8.0_74-b02)
# Java VM: Java HotSpot(TM) 64-Bit Server VM (25.74-b02 mixed mode windows-amd64 compressed oops)
# Failed to write core dump. Minidumps are not enabled by default on client versions of Windows
#

---------------  T H R E A D  ---------------

Current thread (0x0000000054dbc000):  JavaThread "C2 CompilerThread0" daemon [_thread_in_native, id=8324, stack(0x00000000566a0000,0x00000000567a0000)]

Stack: [0x00000000566a0000,0x00000000567a0000]
[error occurred during error reporting (printing stack bounds), id 0xc0000005]

Native frames: (J=compiled Java code, j=interpreted, Vv=VM code, C=native code)


Current CompileTask:
C2:9210237 15341 % !   4       com.android.ide.common.res2.DataMerger::mergeData @ 227 (576 bytes)


---------------  P R O C E S S  ---------------

Java Threads: ( => current thread )
  0x0000000059ab7000 JavaThread "pool-11-thread-1" [_thread_blocked, id=6872, stack(0x0000000059600000,0x0000000059700000)]
  0x0000000059aaf800 JavaThread "Stdin handler" [_thread_blocked, id=3364, stack(0x0000000061940000,0x0000000061a40000)]
  0x0000000059aad800 JavaThread "Daemon worker Thread 9" [_thread_in_native, id=3156, stack(0x000000005def0000,0x000000005dff0000)]
  0x0000000059aac800 JavaThread "Cancel handler" [_thread_blocked, id=10392, stack(0x0000000058fd0000,0x00000000590d0000)]
  0x0000000059aab000 JavaThread "Handler for socket connection from /127.0.0.1:60620 to /127.0.0.1:64975" [_thread_in_native, id=2768, stack(0x00000000594b0000,0x00000000595b0000)]
  0x0000000059aae000 JavaThread "Daemon Thread 9" [_thread_blocked, id=2848, stack(0x00000000590d0000,0x00000000591d0000)]
  0x0000000059ab9800 JavaThread "pool-2-thread-4" [_thread_blocked, id=4952, stack(0x00000000592e0000,0x00000000593e0000)]
  0x0000000059ab8800 JavaThread "pool-2-thread-2" [_thread_blocked, id=9464, stack(0x00000000622d0000,0x00000000623d0000)]
  0x0000000059ab5800 JavaThread "pool-2-thread-3" [_thread_blocked, id=10120, stack(0x00000000620b0000,0x00000000621b0000)]
  0x0000000059ab4000 JavaThread "pool-2-thread-1" [_thread_blocked, id=9848, stack(0x000000005a9d0000,0x000000005aad0000)]
  0x0000000059aac000 JavaThread "File lock request listener" [_thread_in_native, id=10276, stack(0x000000005e070000,0x000000005e170000)]
  0x00000000574fc800 JavaThread "Incoming local TCP Connector on port 60620" [_thread_in_native, id=10020, stack(0x0000000058b40000,0x0000000058c40000)]
  0x0000000056831000 JavaThread "Service Thread" daemon [_thread_blocked, id=3612, stack(0x0000000056f20000,0x0000000057020000)]
  0x00000000567a1000 JavaThread "C1 CompilerThread2" daemon [_thread_blocked, id=4864, stack(0x0000000056200000,0x0000000056300000)]
  0x00000000567a0800 JavaThread "C2 CompilerThread1" daemon [_thread_blocked, id=5936, stack(0x0000000056c60000,0x0000000056d60000)]
=>0x0000000054dbc000 JavaThread "C2 CompilerThread0" daemon [_thread_in_native, id=8324, stack(0x00000000566a0000,0x00000000567a0000)]
  0x0000000054db4000 JavaThread "Attach Listener" daemon [_thread_blocked, id=7616, stack(0x00000000564f0000,0x00000000565f0000)]
  0x0000000054db3000 JavaThread "Signal Dispatcher" daemon [_thread_blocked, id=8508, stack(0x0000000056310000,0x0000000056410000)]
  0x0000000054d9a800 JavaThread "Finalizer" daemon [_thread_blocked, id=9916, stack(0x0000000056060000,0x0000000056160000)]
  0x0000000054d53800 JavaThread "Reference Handler" daemon [_thread_blocked, id=8992, stack(0x0000000055f00000,0x0000000056000000)]
  0x0000000001e4f800 JavaThread "main" [_thread_blocked, id=9280, stack(0x00000000020c0000,0x00000000021c0000)]

Other Threads:
  0x0000000054d4c000 VMThread [stack: 0x0000000055d80000,0x0000000055e80000] [id=9536]
  0x0000000056839000 WatcherThread [stack: 0x0000000057050000,0x0000000057150000] [id=7936]

VM state:not at safepoint (normal execution)

VM Mutex/Monitor currently owned by a thread: None

Heap:
 PSYoungGen      total 329216K, used 93045K [0x00000000eab00000, 0x00000000ffd00000, 0x0000000100000000)
  eden space 312320K, 29% used [0x00000000eab00000,0x00000000f05dd5b0,0x00000000fdc00000)
  from space 16896K, 0% used [0x00000000fdc00000,0x00000000fdc00000,0x00000000fec80000)
  to   space 16896K, 0% used [0x00000000fec80000,0x00000000fec80000,0x00000000ffd00000)
 ParOldGen       total 72704K, used 38393K [0x00000000c0000000, 0x00000000c4700000, 0x00000000eab00000)
  object space 72704K, 52% used [0x00000000c0000000,0x00000000c257e6a8,0x00000000c4700000)
 Metaspace       used 59602K, capacity 61914K, committed 62592K, reserved 1103872K
  class space    used 7700K, capacity 8101K, committed 8320K, reserved 1048576K

Card table byte_map: [0x0000000011850000,0x0000000011a60000] byte_map_base: 0x0000000011250000

Marking Bits: (ParMarkBitMap*) 0x000000005b370600
 Begin Bits: [0x00000000121c0000, 0x00000000131c0000)
 End Bits:   [0x00000000131c0000, 0x00000000141c0000)

Polling page: 0x0000000000210000

CodeCache: size=245760Kb used=45218Kb max_used=45230Kb free=200541Kb
 bounds [0x0000000002490000, 0x0000000005110000, 0x0000000011490000]
 total_blobs=12871 nmethods=12141 adapters=640
 compilation: enabled

Compilation events (10 events):
Event: 9206.338 Thread 0x00000000567a0800 15343   !   4       com.sun.org.apache.xerces.internal.dom.CoreDocumentImpl::adoptNode (512 bytes)
Event: 9206.401 Thread 0x00000000567a0800 nmethod 15343 0x00000000050fc490 code [0x00000000050fc6e0, 0x00000000050fd5d0]
Event: 9206.401 Thread 0x00000000567a0800 15345   !   4       com.google.gson.stream.JsonReader::nextInt (338 bytes)
Event: 9206.403 Thread 0x00000000567a0800 nmethod 15345 0x00000000050fc150 code [0x00000000050fc2a0, 0x00000000050fc388]
Event: 9206.403 Thread 0x00000000567a0800 15344       4       com.google.gson.stream.JsonReader::peek (144 bytes)
Event: 9206.406 Thread 0x00000000567a0800 nmethod 15344 0x00000000050f66d0 code [0x00000000050f6900, 0x00000000050f6a28]
Event: 9206.406 Thread 0x00000000567a0800 15346       4       com.google.gson.stream.JsonReader::push (58 bytes)
Event: 9206.409 Thread 0x00000000567a0800 nmethod 15346 0x00000000050fbe90 code [0x00000000050fbfc0, 0x00000000050fc078]
Event: 9206.409 Thread 0x00000000567a0800 15347       4       com.google.gson.stream.JsonReader::beginObject (87 bytes)
Event: 9206.412 Thread 0x00000000567a0800 nmethod 15347 0x00000000050fbad0 code [0x00000000050fbc20, 0x00000000050fbd28]

GC Heap History (10 events):
Event: 4545.944 GC heap before
{Heap before GC invocations=30 (full 9):
 PSYoungGen      total 256512K, used 237039K [0x00000000eab00000, 0x0000000100000000, 0x0000000100000000)
  eden space 239104K, 93% used [0x00000000eab00000,0x00000000f85bfcd0,0x00000000f9480000)
  from space 17408K, 74% used [0x00000000fa700000,0x00000000fb3bc010,0x00000000fb800000)
  to   space 18944K, 0% used [0x00000000f9480000,0x00000000f9480000,0x00000000fa700000)
 ParOldGen       total 72704K, used 24140K [0x00000000c0000000, 0x00000000c4700000, 0x00000000eab00000)
  object space 72704K, 33% used [0x00000000c0000000,0x00000000c1793128,0x00000000c4700000)
 Metaspace       used 58817K, capacity 60384K, committed 61952K, reserved 1103872K
  class space    used 7582K, capacity 7880K, committed 8192K, reserved 1048576K
Event: 4545.979 GC heap after
Heap after GC invocations=30 (full 9):
 PSYoungGen      total 258048K, used 6485K [0x00000000eab00000, 0x0000000100000000, 0x0000000100000000)
  eden space 239104K, 0% used [0x00000000eab00000,0x00000000eab00000,0x00000000f9480000)
  from space 18944K, 34% used [0x00000000f9480000,0x00000000f9ad5790,0x00000000fa700000)
  to   space 17920K, 0% used [0x00000000fee80000,0x00000000fee80000,0x0000000100000000)
 ParOldGen       total 72704K, used 33591K [0x00000000c0000000, 0x00000000c4700000, 0x00000000eab00000)
  object space 72704K, 46% used [0x00000000c0000000,0x00000000c20cdc48,0x00000000c4700000)
 Metaspace       used 58817K, capacity 60384K, committed 61952K, reserved 1103872K
  class space    used 7582K, capacity 7880K, committed 8192K, reserved 1048576K
}
Event: 4545.979 GC heap before
{Heap before GC invocations=31 (full 10):
 PSYoungGen      total 258048K, used 6485K [0x00000000eab00000, 0x0000000100000000, 0x0000000100000000)
  eden space 239104K, 0% used [0x00000000eab00000,0x00000000eab00000,0x00000000f9480000)
  from space 18944K, 34% used [0x00000000f9480000,0x00000000f9ad5790,0x00000000fa700000)
  to   space 17920K, 0% used [0x00000000fee80000,0x00000000fee80000,0x0000000100000000)
 ParOldGen       total 72704K, used 33591K [0x00000000c0000000, 0x00000000c4700000, 0x00000000eab00000)
  object space 72704K, 46% used [0x00000000c0000000,0x00000000c20cdc48,0x00000000c4700000)
 Metaspace       used 58817K, capacity 60384K, committed 61952K, reserved 1103872K
  class space    used 7582K, capacity 7880K, committed 8192K, reserved 1048576K
Event: 4546.832 GC heap after
Heap after GC invocations=31 (full 10):
 PSYoungGen      total 258048K, used 0K [0x00000000eab00000, 0x0000000100000000, 0x0000000100000000)
  eden space 239104K, 0% used [0x00000000eab00000,0x00000000eab00000,0x00000000f9480000)
  from space 18944K, 0% used [0x00000000f9480000,0x00000000f9480000,0x00000000fa700000)
  to   space 17920K, 0% used [0x00000000fee80000,0x00000000fee80000,0x0000000100000000)
 ParOldGen       total 72704K, used 35350K [0x00000000c0000000, 0x00000000c4700000, 0x00000000eab00000)
  object space 72704K, 48% used [0x00000000c0000000,0x00000000c2285b88,0x00000000c4700000)
 Metaspace       used 58817K, capacity 60384K, committed 61952K, reserved 1103872K
  class space    used 7582K, capacity 7880K, committed 8192K, reserved 1048576K
}
Event: 4606.035 GC heap before
{Heap before GC invocations=32 (full 10):
 PSYoungGen      total 258048K, used 239104K [0x00000000eab00000, 0x0000000100000000, 0x0000000100000000)
  eden space 239104K, 100% used [0x00000000eab00000,0x00000000f9480000,0x00000000f9480000)
  from space 18944K, 0% used [0x00000000f9480000,0x00000000f9480000,0x00000000fa700000)
  to   space 17920K, 0% used [0x00000000fee80000,0x00000000fee80000,0x0000000100000000)
 ParOldGen       total 72704K, used 35350K [0x00000000c0000000, 0x00000000c4700000, 0x00000000eab00000)
  object space 72704K, 48% used [0x00000000c0000000,0x00000000c2285b88,0x00000000c4700000)
 Metaspace       used 59173K, capacity 61078K, committed 62208K, reserved 1103872K
  class space    used 7647K, capacity 7995K, committed 8192K, reserved 1048576K
Event: 4606.060 GC heap after
Heap after GC invocations=32 (full 10):
 PSYoungGen      total 327168K, used 7584K [0x00000000eab00000, 0x00000000ffd00000, 0x0000000100000000)
  eden space 312320K, 0% used [0x00000000eab00000,0x00000000eab00000,0x00000000fdc00000)
  from space 14848K, 51% used [0x00000000fee80000,0x00000000ff5e8000,0x00000000ffd00000)
  to   space 16896K, 0% used [0x00000000fdc00000,0x00000000fdc00000,0x00000000fec80000)
 ParOldGen       total 72704K, used 35358K [0x00000000c0000000, 0x00000000c4700000, 0x00000000eab00000)
  object space 72704K, 48% used [0x00000000c0000000,0x00000000c2287b88,0x00000000c4700000)
 Metaspace       used 59173K, capacity 61078K, committed 62208K, reserved 1103872K
  class space    used 7647K, capacity 7995K, committed 8192K, reserved 1048576K
}
Event: 4674.925 GC heap before
{Heap before GC invocations=33 (full 10):
 PSYoungGen      total 327168K, used 169144K [0x00000000eab00000, 0x00000000ffd00000, 0x0000000100000000)
  eden space 312320K, 51% used [0x00000000eab00000,0x00000000f48c6198,0x00000000fdc00000)
  from space 14848K, 51% used [0x00000000fee80000,0x00000000ff5e8000,0x00000000ffd00000)
  to   space 16896K, 0% used [0x00000000fdc00000,0x00000000fdc00000,0x00000000fec80000)
 ParOldGen       total 72704K, used 35358K [0x00000000c0000000, 0x00000000c4700000, 0x00000000eab00000)
  object space 72704K, 48% used [0x00000000c0000000,0x00000000c2287b88,0x00000000c4700000)
 Metaspace       used 59409K, capacity 61460K, committed 62336K, reserved 1103872K
  class space    used 7676K, capacity 8064K, committed 8320K, reserved 1048576K
Event: 4674.953 GC heap after
Heap after GC invocations=33 (full 10):
 PSYoungGen      total 329216K, used 2580K [0x00000000eab00000, 0x00000000ffd00000, 0x0000000100000000)
  eden space 312320K, 0% used [0x00000000eab00000,0x00000000eab00000,0x00000000fdc00000)
  from space 16896K, 15% used [0x00000000fdc00000,0x00000000fde852b8,0x00000000fec80000)
  to   space 16896K, 0% used [0x00000000fec80000,0x00000000fec80000,0x00000000ffd00000)
 ParOldGen       total 72704K, used 40587K [0x00000000c0000000, 0x00000000c4700000, 0x00000000eab00000)
  object space 72704K, 55% used [0x00000000c0000000,0x00000000c27a2cb0,0x00000000c4700000)
 Metaspace       used 59409K, capacity 61460K, committed 62336K, reserved 1103872K
  class space    used 7676K, capacity 8064K, committed 8320K, reserved 1048576K
}
Event: 4674.953 GC heap before
{Heap before GC invocations=34 (full 11):
 PSYoungGen      total 329216K, used 2580K [0x00000000eab00000, 0x00000000ffd00000, 0x0000000100000000)
  eden space 312320K, 0% used [0x00000000eab00000,0x00000000eab00000,0x00000000fdc00000)
  from space 16896K, 15% used [0x00000000fdc00000,0x00000000fde852b8,0x00000000fec80000)
  to   space 16896K, 0% used [0x00000000fec80000,0x00000000fec80000,0x00000000ffd00000)
 ParOldGen       total 72704K, used 40587K [0x00000000c0000000, 0x00000000c4700000, 0x00000000eab00000)
  object space 72704K, 55% used [0x00000000c0000000,0x00000000c27a2cb0,0x00000000c4700000)
 Metaspace       used 59409K, capacity 61460K, committed 62336K, reserved 1103872K
  class space    used 7676K, capacity 8064K, committed 8320K, reserved 1048576K
Event: 4675.757 GC heap after
Heap after GC invocations=34 (full 11):
 PSYoungGen      total 329216K, used 0K [0x00000000eab00000, 0x00000000ffd00000, 0x0000000100000000)
  eden space 312320K, 0% used [0x00000000eab00000,0x00000000eab00000,0x00000000fdc00000)
  from space 16896K, 0% used [0x00000000fdc00000,0x00000000fdc00000,0x00000000fec80000)
  to   space 16896K, 0% used [0x00000000fec80000,0x00000000fec80000,0x00000000ffd00000)
 ParOldGen       total 72704K, used 38393K [0x00000000c0000000, 0x00000000c4700000, 0x00000000eab00000)
  object space 72704K, 52% used [0x00000000c0000000,0x00000000c257e6a8,0x00000000c4700000)
 Metaspace       used 59409K, capacity 61460K, committed 62336K, reserved 1103872K
  class space    used 7676K, capacity 8064K, committed 8320K, reserved 1048576K
}

Deoptimization events (10 events):
Event: 4610.964 Thread 0x0000000059aab000 Uncommon trap: reason=unstable_if action=reinterpret pc=0x0000000003eda1d0 method=org.objectweb.asm.Type.getArgumentsAndReturnSizes(Ljava/lang/String;)I @ 130
Event: 4610.964 Thread 0x0000000059aab000 Uncommon trap: reason=unstable_if action=reinterpret pc=0x0000000004980814 method=org.objectweb.asm.ClassWriter.a(Ljava/lang/Object;)Lorg/objectweb/asm/Item; @ 159
Event: 4610.965 Thread 0x0000000059aab000 Uncommon trap: reason=unstable_if action=reinterpret pc=0x00000000049638dc method=org.objectweb.asm.commons.LocalVariablesSorter.remap(ILorg/objectweb/asm/Type;)I @ 36
Event: 4611.454 Thread 0x0000000059aab000 Uncommon trap: reason=bimorphic action=maybe_recompile pc=0x0000000003a304e8 method=java.io.BufferedInputStream.read1([BII)I @ 39
Event: 4611.455 Thread 0x0000000059aab000 Uncommon trap: reason=bimorphic action=maybe_recompile pc=0x0000000003a304e8 method=java.io.BufferedInputStream.read1([BII)I @ 39
Event: 4612.310 Thread 0x0000000059ab9800 Uncommon trap: reason=unstable_if action=reinterpret pc=0x0000000003ae2994 method=java.io.ExpiringCache.put(Ljava/lang/String;Ljava/lang/String;)V @ 29
Event: 4661.966 Thread 0x0000000059ab9800 Uncommon trap: reason=bimorphic action=maybe_recompile pc=0x0000000005058b08 method=sun.reflect.DelegatingConstructorAccessorImpl.newInstance([Ljava/lang/Object;)Ljava/lang/Object; @ 5
Event: 4662.433 Thread 0x0000000059ab4000 Uncommon trap: reason=bimorphic action=maybe_recompile pc=0x0000000005058b08 method=sun.reflect.DelegatingConstructorAccessorImpl.newInstance([Ljava/lang/Object;)Ljava/lang/Object; @ 5
Event: 4669.493 Thread 0x0000000059ab8800 Uncommon trap: reason=bimorphic action=maybe_recompile pc=0x0000000005058b08 method=sun.reflect.DelegatingConstructorAccessorImpl.newInstance([Ljava/lang/Object;)Ljava/lang/Object; @ 5
Event: 4672.374 Thread 0x0000000059aab000 Uncommon trap: reason=bimorphic action=maybe_recompile pc=0x0000000005058b08 method=sun.reflect.DelegatingConstructorAccessorImpl.newInstance([Ljava/lang/Object;)Ljava/lang/Object; @ 5

Internal exceptions (10 events):
Event: 4674.803 Thread 0x0000000059aab000 Exception <a 'java/io/FileNotFoundException'> (0x00000000f43e59e8) thrown at [C:\re\workspace\8-2-build-windows-amd64-cygwin\jdk8u74\6087\hotspot\src\share\vm\prims\jni.cpp, line 709]
Event: 4674.821 Thread 0x0000000059aab000 Exception <a 'java/io/FileNotFoundException'> (0x00000000f43e86e8) thrown at [C:\re\workspace\8-2-build-windows-amd64-cygwin\jdk8u74\6087\hotspot\src\share\vm\prims\jni.cpp, line 709]
Event: 4674.822 Thread 0x0000000059aab000 Exception <a 'java/io/FileNotFoundException'> (0x00000000f43e99d8) thrown at [C:\re\workspace\8-2-build-windows-amd64-cygwin\jdk8u74\6087\hotspot\src\share\vm\prims\jni.cpp, line 709]
Event: 4674.822 Thread 0x0000000059aab000 Exception <a 'java/io/FileNotFoundException'> (0x00000000f43eacc8) thrown at [C:\re\workspace\8-2-build-windows-amd64-cygwin\jdk8u74\6087\hotspot\src\share\vm\prims\jni.cpp, line 709]
Event: 4674.824 Thread 0x0000000059aab000 Exception <a 'java/io/FileNotFoundException'> (0x00000000f43ed988) thrown at [C:\re\workspace\8-2-build-windows-amd64-cygwin\jdk8u74\6087\hotspot\src\share\vm\prims\jni.cpp, line 709]
Event: 4674.825 Thread 0x0000000059aab000 Exception <a 'java/io/FileNotFoundException'> (0x00000000f43eec78) thrown at [C:\re\workspace\8-2-build-windows-amd64-cygwin\jdk8u74\6087\hotspot\src\share\vm\prims\jni.cpp, line 709]
Event: 4674.826 Thread 0x0000000059aab000 Exception <a 'java/io/FileNotFoundException'> (0x00000000f43eff68) thrown at [C:\re\workspace\8-2-build-windows-amd64-cygwin\jdk8u74\6087\hotspot\src\share\vm\prims\jni.cpp, line 709]
Event: 4674.832 Thread 0x0000000059aab000 Exception <a 'java/io/FileNotFoundException'> (0x00000000f43f2ca8) thrown at [C:\re\workspace\8-2-build-windows-amd64-cygwin\jdk8u74\6087\hotspot\src\share\vm\prims\jni.cpp, line 709]
Event: 9197.214 Thread 0x0000000059aad800 Exception <a 'java/lang/ClassNotFoundException': asLocalRepo182_brwz0lbeqwk0qo24wt9a1p99cBeanInfo> (0x00000000eb356d90) thrown at [C:\re\workspace\8-2-build-windows-amd64-cygwin\jdk8u74\6087\hotspot\src\share\vm\classfile\systemDictionary.cpp, line 210]
Event: 9197.215 Thread 0x0000000059aad800 Exception <a 'java/lang/ClassNotFoundException': asLocalRepo182_brwz0lbeqwk0qo24wt9a1p99cCustomizer> (0x00000000eb3602f8) thrown at [C:\re\workspace\8-2-build-windows-amd64-cygwin\jdk8u74\6087\hotspot\src\share\vm\classfile\systemDictionary.cpp, line 210]

Events (10 events):
Event: 9203.414 Thread 0x00000000567a1000 flushing nmethod 0x0000000003a40e10
Event: 9203.414 Thread 0x00000000567a1000 flushing nmethod 0x0000000003a430d0
Event: 9203.414 Thread 0x00000000567a1000 flushing nmethod 0x0000000003a43490
Event: 9203.459 Thread 0x00000000567a1000 flushing nmethod 0x0000000003f00d90
Event: 9203.550 Thread 0x00000000567a1000 flushing nmethod 0x0000000004aa4a10
Event: 9206.170 Thread 0x0000000059ab7000 Thread added: 0x0000000059ab7000
Event: 9206.197 Thread 0x0000000059aad800 DEOPT PACKING pc=0x0000000004a69cbb sp=0x000000005dfec640
Event: 9206.198 Thread 0x0000000059aad800 DEOPT UNPACKING pc=0x00000000024d787f sp=0x000000005dfec428 mode 0
Event: 9206.202 Executing VM operation: RevokeBias
Event: 9206.206 Executing VM operation: RevokeBias done


Dynamic libraries:
0x000000013f300000 - 0x000000013f337000 	C:\Program Files\Java\jdk1.8.0_74\bin\java.exe
0x0000000076df0000 - 0x0000000076f9a000 	C:\Windows\SYSTEM32\ntdll.dll
0x0000000076bd0000 - 0x0000000076cef000 	C:\Windows\system32\kernel32.dll
0x000007fefce40000 - 0x000007fefceaa000 	C:\Windows\system32\KERNELBASE.dll
0x000007fefd740000 - 0x000007fefd81b000 	C:\Windows\system32\ADVAPI32.dll
0x000007fefd580000 - 0x000007fefd61f000 	C:\Windows\system32\msvcrt.dll
0x000007feff0e0000 - 0x000007feff0ff000 	C:\Windows\SYSTEM32\sechost.dll
0x000007fefdc50000 - 0x000007fefdd7d000 	C:\Windows\system32\RPCRT4.dll
0x0000000076cf0000 - 0x0000000076dea000 	C:\Windows\system32\USER32.dll
0x000007fefd100000 - 0x000007fefd167000 	C:\Windows\system32\GDI32.dll
0x000007feff000000 - 0x000007feff00e000 	C:\Windows\system32\LPK.dll
0x000007feff010000 - 0x000007feff0da000 	C:\Windows\system32\USP10.dll
0x000007fefbb50000 - 0x000007fefbd44000 	C:\Windows\WinSxS\amd64_microsoft.windows.common-controls_6595b64144ccf1df_6.0.7601.18837_none_fa3b1e3d17594757\COMCTL32.dll
0x000007fefd900000 - 0x000007fefd971000 	C:\Windows\system32\SHLWAPI.dll
0x000007fefefd0000 - 0x000007fefeffe000 	C:\Windows\system32\IMM32.DLL
0x000007fefd630000 - 0x000007fefd739000 	C:\Windows\system32\MSCTF.dll
0x0000000069210000 - 0x00000000692e2000 	C:\Program Files\Java\jdk1.8.0_74\jre\bin\msvcr100.dll
0x000000005ab60000 - 0x000000005b3f0000 	C:\Program Files\Java\jdk1.8.0_74\jre\bin\server\jvm.dll
0x000007fefa390000 - 0x000007fefa399000 	C:\Windows\system32\WSOCK32.dll
0x000007fefdd80000 - 0x000007fefddcd000 	C:\Windows\system32\WS2_32.dll
0x000007fefd620000 - 0x000007fefd628000 	C:\Windows\system32\NSI.dll
0x000007fefab20000 - 0x000007fefab5b000 	C:\Windows\system32\WINMM.dll
0x000007fefb8b0000 - 0x000007fefb8bc000 	C:\Windows\system32\VERSION.dll
0x0000000076fb0000 - 0x0000000076fb7000 	C:\Windows\system32\PSAPI.DLL
0x000000006d6d0000 - 0x000000006d6df000 	C:\Program Files\Java\jdk1.8.0_74\jre\bin\verify.dll
0x000000006d3e0000 - 0x000000006d409000 	C:\Program Files\Java\jdk1.8.0_74\jre\bin\java.dll
0x000000006d3c0000 - 0x000000006d3d6000 	C:\Program Files\Java\jdk1.8.0_74\jre\bin\zip.dll
0x000007fefe030000 - 0x000007fefedb9000 	C:\Windows\system32\SHELL32.dll
0x000007fefedc0000 - 0x000007fefefc3000 	C:\Windows\system32\ole32.dll
0x000007fefcb30000 - 0x000007fefcb3f000 	C:\Windows\system32\profapi.dll
0x000000006d360000 - 0x000000006d37a000 	C:\Program Files\Java\jdk1.8.0_74\jre\bin\net.dll
0x000007fefc310000 - 0x000007fefc365000 	C:\Windows\system32\mswsock.dll
0x000007fefc300000 - 0x000007fefc307000 	C:\Windows\System32\wship6.dll
0x000000006d340000 - 0x000000006d351000 	C:\Program Files\Java\jdk1.8.0_74\jre\bin\nio.dll
0x000007fede490000 - 0x000007fede4a2000 	C:\Users\anirudha.joshi\.gradle\native\19\windows-amd64\native-platform.dll
0x000007fef97e0000 - 0x000007fef9807000 	C:\Windows\system32\IPHLPAPI.DLL
0x000007fef97d0000 - 0x000007fef97db000 	C:\Windows\system32\WINNSI.DLL
0x000007fef95f0000 - 0x000007fef9608000 	C:\Windows\system32\dhcpcsvc.DLL
0x000007fef95d0000 - 0x000007fef95e1000 	C:\Windows\system32\dhcpcsvc6.DLL
0x000007fefc370000 - 0x000007fefc388000 	C:\Windows\system32\CRYPTSP.dll
0x000007fefc070000 - 0x000007fefc0b7000 	C:\Windows\system32\rsaenh.dll
0x000007fefccd0000 - 0x000007fefccee000 	C:\Windows\system32\USERENV.dll
0x000007fefc9d0000 - 0x000007fefc9df000 	C:\Windows\system32\CRYPTBASE.dll
0x000007fefc970000 - 0x000007fefc9c7000 	C:\Windows\system32\apphelp.dll
0x000000006d2e0000 - 0x000000006d2ed000 	C:\Program Files\Java\jdk1.8.0_74\jre\bin\management.dll

VM Arguments:
jvm_args: -XX:MaxPermSize=256m -XX:+HeapDumpOnOutOfMemoryError -Xmx1024m -Dfile.encoding=windows-1252 -Duser.country=US -Duser.language=en -Duser.variant 
java_command: org.gradle.launcher.daemon.bootstrap.GradleDaemon 2.10
java_class_path (initial): C:\Users\anirudha.joshi\.gradle\wrapper\dists\gradle-2.10-all\a4w5fzrkeut1ox71xslb49gst\gradle-2.10\lib\gradle-launcher-2.10.jar
Launcher Type: SUN_STANDARD

Environment Variables:
PATH=C:\ProgramData\Oracle\Java\javapath;c:\Program Files (x86)\Intel\iCLS Client\;c:\Program Files\Intel\iCLS Client\;C:\Windows\SYSTEM32;C:\Windows;C:\Windows\SYSTEM32\WBEM;C:\Windows\SYSTEM32\WINDOWSPOWERSHELL\V1.0\;C:\PROGRAM FILES (X86)\ATI TECHNOLOGIES\ATI.ACE\CORE-STATIC;C:\PROGRAM FILES (X86)\COMMON FILES\ROXIO SHARED\OEM\DLLSHARED\;C:\PROGRAM FILES (X86)\COMMON FILES\ROXIO SHARED\OEM\DLLSHARED\;C:\PROGRAM FILES (X86)\COMMON FILES\ROXIO SHARED\OEM\12.0\DLLSHARED\;C:\PROGRAM FILES (X86)\ROXIO\OEM\AUDIOCORE\;C:\PROGRAM FILES (X86)\INTEL\SERVICES\IPT\;c:\Program Files\WIDCOMM\Bluetooth Software\;c:\Program Files\WIDCOMM\Bluetooth Software\syswow64;C:\Program Files\Intel\Intel(R) Management Engine Components\DAL;C:\Program Files\Intel\Intel(R) Management Engine Components\IPT;C:\Program Files (x86)\Intel\Intel(R) Management Engine Components\DAL;C:\Program Files (x86)\Intel\Intel(R) Management Engine Components\IPT;c:\Program Files\Microsoft SQL Server\110\Tools\Binn\;c:\Program Files (x86)\Microsoft SQL Server\110\Tools\Binn\;c:\Program Files\Microsoft SQL Server\110\DTS\Binn\;c:\Program Files (x86)\Microsoft SQL Server\110\Tools\Binn\ManagementStudio\;c:\Program Files (x86)\Microsoft SQL Server\110\DTS\Binn\;C:\opscode\chef\bin\;C:\Program Files\Microsoft SQL Server\130\Tools\Binn\;C:\Program Files\Git\cmd;C:\Anirudh\Learn\Udacity\Python\Scripts\;C:\Anirudh\Learn\Udacity\Python\;C:\Chocolatey\bin;C:\Users\anirudha.joshi\AppData\Roaming\scriptcs;c:\Inveshare\projects\xsd;
USERNAME=anirudha.joshi
OS=Windows_NT
PROCESSOR_IDENTIFIER=Intel64 Family 6 Model 69 Stepping 1, GenuineIntel



---------------  S Y S T E M  ---------------

OS: Windows 7 , 64 bit Build 7601 (6.1.7601.23418)

CPU:total 4 (2 cores per cpu, 2 threads per core) family 6 model 69 stepping 1, cmov, cx8, fxsr, mmx, sse, sse2, sse3, ssse3, sse4.1, sse4.2, popcnt, avx, avx2, aes, clmul, erms, lzcnt, ht, tsc, tscinvbit, bmi1, bmi2

Memory: 4k page, physical 8283248k(108308k free), swap 12475692k(5812k free)

vm_info: Java HotSpot(TM) 64-Bit Server VM (25.74-b02) for windows-amd64 JRE (1.8.0_74-b02), built on Jan 29 2016 17:42:36 by "java_re" with MS VC++ 10.0 (VS2010)

time: Sun Jul 31 10:41:00 2016
elapsed time: 9206 seconds (0d 2h 33m 26s)

