#
# There is insufficient memory for the Java Runtime Environment to continue.
# Native memory allocation (malloc) failed to allocate 354256 bytes for Chunk::new
# Possible reasons:
#   The system is out of physical RAM or swap space
#   In 32 bit mode, the process size limit was hit
# Possible solutions:
#   Reduce memory load on the system
#   Increase physical memory or swap space
#   Check if swap backing store is full
#   Use 64 bit Java on a 64 bit OS
#   Decrease Java heap size (-Xmx/-Xms)
#   Decrease number of Java threads
#   Decrease Java thread stack sizes (-Xss)
#   Set larger code cache with -XX:ReservedCodeCacheSize=
# This output file may be truncated or incomplete.
#
#  Out of Memory Error (allocation.cpp:390), pid=11816, tid=6036
#
# JRE version: Java(TM) SE Runtime Environment (8.0_74-b02) (build 1.8.0_74-b02)
# Java VM: Java HotSpot(TM) 64-Bit Server VM (25.74-b02 mixed mode windows-amd64 compressed oops)
# Failed to write core dump. Minidumps are not enabled by default on client versions of Windows
#

---------------  T H R E A D  ---------------

Current thread (0x00000000567a8000):  JavaThread "C2 CompilerThread1" daemon [_thread_in_native, id=6036, stack(0x0000000056540000,0x0000000056640000)]

Stack: [0x0000000056540000,0x0000000056640000]
[error occurred during error reporting (printing stack bounds), id 0xc0000005]

Native frames: (J=compiled Java code, j=interpreted, Vv=VM code, C=native code)


Current CompileTask:
C2:   1586  626       4       com.android.dx.ssa.NormalSsaInsn::accept (25 bytes)


---------------  P R O C E S S  ---------------

Java Threads: ( => current thread )
  0x0000000056a0b800 JavaThread "pool-2-thread-4" [_thread_in_Java, id=12220, stack(0x0000000057550000,0x0000000057650000)]
  0x0000000056a08000 JavaThread "pool-2-thread-3" [_thread_in_Java, id=3576, stack(0x0000000057450000,0x0000000057550000)]
  0x0000000056a00800 JavaThread "pool-2-thread-2" [_thread_in_Java, id=8292, stack(0x0000000057270000,0x0000000057370000)]
  0x00000000568a5000 JavaThread "pool-3-thread-1" [_thread_blocked, id=3524, stack(0x0000000057130000,0x0000000057230000)]
  0x00000000568a3800 JavaThread "pool-2-thread-1" [_thread_in_Java, id=6660, stack(0x0000000055d70000,0x0000000055e70000)]
  0x00000000567ac800 JavaThread "Service Thread" daemon [_thread_blocked, id=10756, stack(0x0000000056d60000,0x0000000056e60000)]
  0x00000000567aa000 JavaThread "C1 CompilerThread2" daemon [_thread_blocked, id=6132, stack(0x0000000056c00000,0x0000000056d00000)]
=>0x00000000567a8000 JavaThread "C2 CompilerThread1" daemon [_thread_in_native, id=6036, stack(0x0000000056540000,0x0000000056640000)]
  0x0000000054d27800 JavaThread "C2 CompilerThread0" daemon [_thread_blocked, id=11212, stack(0x0000000056650000,0x0000000056750000)]
  0x0000000054d24800 JavaThread "Attach Listener" daemon [_thread_blocked, id=9648, stack(0x0000000056430000,0x0000000056530000)]
  0x0000000054d22000 JavaThread "Signal Dispatcher" daemon [_thread_blocked, id=8876, stack(0x0000000056110000,0x0000000056210000)]
  0x0000000054d0a800 JavaThread "Finalizer" daemon [_thread_blocked, id=11548, stack(0x0000000056240000,0x0000000056340000)]
  0x0000000054cc3800 JavaThread "Reference Handler" daemon [_thread_blocked, id=1376, stack(0x0000000056000000,0x0000000056100000)]
  0x0000000001dee800 JavaThread "main" [_thread_blocked, id=9300, stack(0x0000000001fc0000,0x00000000020c0000)]

Other Threads:
  0x0000000054cbc000 VMThread [stack: 0x0000000055e70000,0x0000000055f70000] [id=7436]
  0x00000000567b9800 WatcherThread [stack: 0x0000000056ff0000,0x00000000570f0000] [id=7044]

VM state:not at safepoint (normal execution)

VM Mutex/Monitor currently owned by a thread: None

Heap:
 PSYoungGen      total 38400K, used 16649K [0x00000000eab00000, 0x00000000ed580000, 0x0000000100000000)
  eden space 33280K, 50% used [0x00000000eab00000,0x00000000ebb42610,0x00000000ecb80000)
  from space 5120K, 0% used [0x00000000ed080000,0x00000000ed080000,0x00000000ed580000)
  to   space 5120K, 0% used [0x00000000ecb80000,0x00000000ecb80000,0x00000000ed080000)
 ParOldGen       total 87552K, used 0K [0x00000000c0000000, 0x00000000c5580000, 0x00000000eab00000)
  object space 87552K, 0% used [0x00000000c0000000,0x00000000c0000000,0x00000000c5580000)
 Metaspace       used 5511K, capacity 6704K, committed 6784K, reserved 1056768K
  class space    used 577K, capacity 616K, committed 640K, reserved 1048576K

Card table byte_map: [0x0000000011750000,0x0000000011960000] byte_map_base: 0x0000000011150000

Marking Bits: (ParMarkBitMap*) 0x00000000648d0600
 Begin Bits: [0x0000000012130000, 0x0000000013130000)
 End Bits:   [0x0000000013130000, 0x0000000014130000)

Polling page: 0x0000000000410000

CodeCache: size=245760Kb used=2602Kb max_used=2613Kb free=243157Kb
 bounds [0x0000000002390000, 0x0000000002620000, 0x0000000011390000]
 total_blobs=915 nmethods=652 adapters=174
 compilation: disabled (not enough contiguous free space left)

Compilation events (10 events):
Event: 1.536 Thread 0x00000000567aa000  594       3       com.android.dx.ssa.SsaBasicBlock::getCountPhiInsns (45 bytes)
Event: 1.536 Thread 0x0000000054d27800  636       4       com.android.dx.ssa.NormalSsaInsn::getOpcode (8 bytes)
Event: 1.536 Thread 0x0000000054d27800 nmethod 636 0x0000000002602250 code [0x0000000002602380, 0x00000000026023f8]
Event: 1.536 Thread 0x0000000054d27800  620       4       java.util.HashMap::get (23 bytes)
Event: 1.536 Thread 0x00000000567aa000 nmethod 594 0x00000000025fa950 code [0x00000000025fab20, 0x00000000025fb1f8]
Event: 1.536 Thread 0x00000000567aa000  612       3       com.android.dx.ssa.DeadCodeRemover::access$000 (5 bytes)
Event: 1.537 Thread 0x00000000567aa000 nmethod 612 0x00000000025fa450 code [0x00000000025fa5c0, 0x00000000025fa848]
Event: 1.537 Thread 0x00000000567aa000  602   !   3       com.android.dx.ssa.BasicRegisterMapper::map (44 bytes)
Event: 1.554 Thread 0x00000000567aa000 nmethod 602 0x00000000025ff310 code [0x00000000025ff4c0, 0x00000000025ffac8]
Event: 1.554 Thread 0x00000000567aa000  649   !   3       com.android.dx.rop.code.BasicBlock::<init> (273 bytes)

GC Heap History (0 events):
No events

Deoptimization events (2 events):
Event: 1.418 Thread 0x0000000056a0b800 Uncommon trap: reason=unstable_if action=reinterpret pc=0x00000000025bc4b0 method=java.util.HashMap.getNode(ILjava/lang/Object;)Ljava/util/HashMap$Node; @ 62
Event: 1.472 Thread 0x00000000568a3800 Uncommon trap: reason=unstable_if action=reinterpret pc=0x00000000025481a8 method=com.android.dx.rop.cst.CstFieldRef.compareTo0(Lcom/android/dx/rop/cst/Constant;)I @ 7

Internal exceptions (2 events):
Event: 0.084 Thread 0x0000000001dee800 Exception <a 'java/lang/NoSuchMethodError': Method sun.misc.Unsafe.defineClass(Ljava/lang/String;[BII)Ljava/lang/Class; name or signature does not match> (0x00000000eab07cc0) thrown at [C:\re\workspace\8-2-build-windows-amd64-cygwin\jdk8u74\6087\hotspot\srRzëÎ:~µ?
Event: 0.084 Thread 0x0000000001dee800 Exception <a 'java/lang/NoSuchMethodError': Method sun.misc.Unsafe.prefetchRead(Ljava/lang/Object;J)V name or signature does not match> (0x00000000eab07fa8) thrown at [C:\re\workspace\8-2-build-windows-amd64-cygwin\jdk8u74\6087\hotspot\src\share\vm\prims\j

Events (10 events):
Event: 1.447 loading class java/util/DualPivotQuicksort done
Event: 1.465 loading class com/android/dx/cf/code/BytecodeArray$ConstantParserVisitor
Event: 1.465 loading class com/android/dx/cf/code/BytecodeArray$ConstantParserVisitor done
Event: 1.472 Thread 0x00000000568a3800 Uncommon trap: trap_request=0xffffff65 fr.pc=0x00000000025481a8
Event: 1.472 Thread 0x00000000568a3800 DEOPT PACKING pc=0x00000000025481a8 sp=0x0000000055e6ea10
Event: 1.472 Thread 0x00000000568a3800 DEOPT UNPACKING pc=0x00000000023d582a sp=0x0000000055e6e998 mode 2
Event: 1.545 loading class java/util/HashMap$KeySet
Event: 1.545 loading class java/util/HashMap$KeySet done
Event: 1.546 loading class java/util/HashMap$KeyIterator
Event: 1.546 loading class java/util/HashMap$KeyIterator done


Dynamic libraries:
0x000000013f930000 - 0x000000013f967000 	C:\Program Files\Java\jdk1.8.0_74\bin\java.exe
0x0000000077100000 - 0x00000000772aa000 	C:\Windows\SYSTEM32\ntdll.dll
0x0000000076fe0000 - 0x00000000770ff000 	C:\Windows\system32\kernel32.dll
0x000007fefcfa0000 - 0x000007fefd00a000 	C:\Windows\system32\KERNELBASE.dll
0x000007fefd3d0000 - 0x000007fefd4ab000 	C:\Windows\system32\ADVAPI32.dll
0x000007fefd200000 - 0x000007fefd29f000 	C:\Windows\system32\msvcrt.dll
0x000007fefed20000 - 0x000007fefed3f000 	C:\Windows\SYSTEM32\sechost.dll
0x000007fefd2a0000 - 0x000007fefd3cd000 	C:\Windows\system32\RPCRT4.dll
0x0000000076ee0000 - 0x0000000076fda000 	C:\Windows\system32\USER32.dll
0x000007feff210000 - 0x000007feff277000 	C:\Windows\system32\GDI32.dll
0x000007fefd590000 - 0x000007fefd59e000 	C:\Windows\system32\LPK.dll
0x000007fefd5a0000 - 0x000007fefd66a000 	C:\Windows\system32\USP10.dll
0x000007fefbe60000 - 0x000007fefc054000 	C:\Windows\WinSxS\amd64_microsoft.windows.common-controls_6595b64144ccf1df_6.0.7601.18837_none_fa3b1e3d17594757\COMCTL32.dll
0x000007fefd4b0000 - 0x000007fefd521000 	C:\Windows\system32\SHLWAPI.dll
0x000007fefed40000 - 0x000007fefed6e000 	C:\Windows\system32\IMM32.DLL
0x000007fefed70000 - 0x000007fefee79000 	C:\Windows\system32\MSCTF.dll
0x0000000066000000 - 0x00000000660d2000 	C:\Program Files\Java\jdk1.8.0_74\jre\bin\msvcr100.dll
0x00000000640c0000 - 0x0000000064950000 	C:\Program Files\Java\jdk1.8.0_74\jre\bin\server\jvm.dll
0x000007fefa6a0000 - 0x000007fefa6a9000 	C:\Windows\system32\WSOCK32.dll
0x000007fefd530000 - 0x000007fefd57d000 	C:\Windows\system32\WS2_32.dll
0x000007fefd580000 - 0x000007fefd588000 	C:\Windows\system32\NSI.dll
0x000007fefae20000 - 0x000007fefae5b000 	C:\Windows\system32\WINMM.dll
0x000007fefbbc0000 - 0x000007fefbbcc000 	C:\Windows\system32\VERSION.dll
0x00000000772d0000 - 0x00000000772d7000 	C:\Windows\system32\PSAPI.DLL
0x000000006d5e0000 - 0x000000006d5ef000 	C:\Program Files\Java\jdk1.8.0_74\jre\bin\verify.dll
0x000000006d5b0000 - 0x000000006d5d9000 	C:\Program Files\Java\jdk1.8.0_74\jre\bin\java.dll
0x000000006d510000 - 0x000000006d526000 	C:\Program Files\Java\jdk1.8.0_74\jre\bin\zip.dll
0x000007fefdf90000 - 0x000007fefed19000 	C:\Windows\system32\SHELL32.dll
0x000007fefee80000 - 0x000007feff083000 	C:\Windows\system32\ole32.dll
0x000007fefce40000 - 0x000007fefce4f000 	C:\Windows\system32\profapi.dll

VM Arguments:
jvm_args: -Djava.awt.headless=true -Xmx1024M -Dfile.encoding=windows-1252 -Duser.country=US -Duser.language=en -Duser.variant 
java_command: com.android.dx.command.Main --dex --force-jumbo --num-threads=4 --multi-dex --output C:\Anirudh\Learn\Udacity\AndroidApps\PopularMoviesApp-Stage1\app\build\intermediates\transforms\dex\debug\folders\1000\5\slice_2 C:\Anirudh\Learn\Udacity\AndroidApps\PopularMoviesApp-Stage1\app\build\intermediates\transforms\instantRunSlicer\debug\folders\1\5\slice_2
java_class_path (initial): C:\Users\anirudha.joshi\AppData\Local\Android\sdk\build-tools\24.0.1\lib\dx.jar
Launcher Type: SUN_STANDARD

Environment Variables:
PATH=C:\ProgramData\Oracle\Java\javapath;c:\Program Files (x86)\Intel\iCLS Client\;c:\Program Files\Intel\iCLS Client\;C:\Windows\SYSTEM32;C:\Windows;C:\Windows\SYSTEM32\WBEM;C:\Windows\SYSTEM32\WINDOWSPOWERSHELL\V1.0\;C:\PROGRAM FILES (X86)\ATI TECHNOLOGIES\ATI.ACE\CORE-STATIC;C:\PROGRAM FILES (X86)\COMMON FILES\ROXIO SHARED\OEM\DLLSHARED\;C:\PROGRAM FILES (X86)\COMMON FILES\ROXIO SHARED\OEM\DLLSHARED\;C:\PROGRAM FILES (X86)\COMMON FILES\ROXIO SHARED\OEM\12.0\DLLSHARED\;C:\PROGRAM FILES (X86)\ROXIO\OEM\AUDIOCORE\;C:\PROGRAM FILES (X86)\INTEL\SERVICES\IPT\;c:\Program Files\WIDCOMM\Bluetooth Software\;c:\Program Files\WIDCOMM\Bluetooth Software\syswow64;C:\Program Files\Intel\Intel(R) Management Engine Components\DAL;C:\Program Files\Intel\Intel(R) Management Engine Components\IPT;C:\Program Files (x86)\Intel\Intel(R) Management Engine Components\DAL;C:\Program Files (x86)\Intel\Intel(R) Management Engine Components\IPT;c:\Program Files\Microsoft SQL Server\110\Tools\Binn\;c:\Program Files (x86)\Microsoft SQL Server\110\Tools\Binn\;c:\Program Files\Microsoft SQL Server\110\DTS\Binn\;c:\Program Files (x86)\Microsoft SQL Server\110\Tools\Binn\ManagementStudio\;c:\Program Files (x86)\Microsoft SQL Server\110\DTS\Binn\;C:\opscode\chef\bin\;C:\Program Files\Microsoft SQL Server\130\Tools\Binn\;C:\Program Files\Git\cmd;C:\Anirudh\Learn\Udacity\Python\Scripts\;C:\Anirudh\Learn\Udacity\Python\;C:\Chocolatey\bin;C:\Users\anirudha.joshi\AppData\Roaming\scriptcs;c:\Inveshare\projects\xsd;
USERNAME=anirudha.joshi
OS=Windows_NT
PROCESSOR_IDENTIFIER=Intel64 Family 6 Model 69 Stepping 1, GenuineIntel



---------------  S Y S T E M  ---------------

OS: Windows 7 , 64 bit Build 7601 (6.1.7601.23418)

CPU:total 4 (2 cores per cpu, 2 threads per core) family 6 model 69 stepping 1, cmov, cx8, fxsr, mmx, sse, sse2, sse3, ssse3, sse4.1, sse4.2, popcnt, avx, avx2, aes, clmul, erms, lzcnt, ht, tsc, tscinvbit, bmi1, bmi2

Memory: 4k page, physical 8283248k(220760k free), swap 12475692k(5152k free)

vm_info: Java HotSpot(TM) 64-Bit Server VM (25.74-b02) for windows-amd64 JRE (1.8.0_74-b02), built on Jan 29 2016 17:42:36 by "java_re" with MS VC++ 10.0 (VS2010)

time: Sun Jul 31 15:58:05 2016
elapsed time: 1 seconds (0d 0h 0m 1s)

